Testing initiated. Mon Apr 26 11:46:17 EDT 2021
ThreePileNimAdvisor.java submitted.
Compilation of all java files succeeded.
Testing ThreePileNimAdvisor:
JUnit version 4.11
.E
Time: 0.016
There was 1 failure:
1) test(ThreePileNimAdvisorJUnitTest)
java.lang.AssertionError: advise([0, 0, 1]) should return [2, 1], but instead returned [0, 1].
	at org.junit.Assert.fail(Assert.java:88)
	at ThreePileNimAdvisorJUnitTest.test(ThreePileNimAdvisorJUnitTest.java:41)
	at sun.reflect.NativeMethodAccessorImpl.invoke0(Native Method)
	at sun.reflect.NativeMethodAccessorImpl.invoke(NativeMethodAccessorImpl.java:62)
	at sun.reflect.DelegatingMethodAccessorImpl.invoke(DelegatingMethodAccessorImpl.java:43)
	at java.lang.reflect.Method.invoke(Method.java:498)
	at org.junit.runners.model.FrameworkMethod$1.runReflectiveCall(FrameworkMethod.java:47)
	at org.junit.internal.runners.model.ReflectiveCallable.run(ReflectiveCallable.java:12)
	at org.junit.runners.model.FrameworkMethod.invokeExplosively(FrameworkMethod.java:44)
	at org.junit.internal.runners.statements.InvokeMethod.evaluate(InvokeMethod.java:17)
	at org.junit.internal.runners.statements.FailOnTimeout$StatementThread.run(FailOnTimeout.java:74)

FAILURES!!!
Tests run: 1,  Failures: 1

Testing completed. Mon Apr 26 11:46:19 EDT 2021
