Testing initiated. Thu Apr  8 14:56:05 EDT 2021
README submitted.
DiceHistogram.java submitted.
ChompGame.java submitted.
Chomp.java submitted.
Compilation of all java files succeeded.
Testing ChompGame:
JUnit version 4.11
.That is not a legal chomp position.

That is not a legal chomp position.

That is not a legal chomp position.

That is not a legal chomp position.


E
Time: 0.017
There was 1 failure:
1) test(ChompGameJUnitTest)
junit.framework.AssertionFailedError: Expected toString() value [ 01234567
0********
1********
2********
3********
4********
5********
6*****   
7*****   
8*****   
], but instead had returned value [ 01234567
0********
1********
2********
3********
4********
5********
6*****
7*****
8*****
]
	at junit.framework.Assert.fail(Assert.java:57)
	at junit.framework.TestCase.fail(TestCase.java:227)
	at ChompGameJUnitTest.gameTest(ChompGameJUnitTest.java:71)
	at ChompGameJUnitTest.test(ChompGameJUnitTest.java:37)
	at sun.reflect.NativeMethodAccessorImpl.invoke0(Native Method)
	at sun.reflect.NativeMethodAccessorImpl.invoke(NativeMethodAccessorImpl.java:62)
	at sun.reflect.DelegatingMethodAccessorImpl.invoke(DelegatingMethodAccessorImpl.java:43)
	at java.lang.reflect.Method.invoke(Method.java:498)
	at junit.framework.TestCase.runTest(TestCase.java:176)
	at junit.framework.TestCase.runBare(TestCase.java:141)
	at junit.framework.TestResult$1.protect(TestResult.java:122)
	at junit.framework.TestResult.runProtected(TestResult.java:142)
	at junit.framework.TestResult.run(TestResult.java:125)
	at junit.framework.TestCase.run(TestCase.java:129)
	at junit.framework.TestSuite.runTest(TestSuite.java:255)
	at junit.framework.TestSuite.run(TestSuite.java:250)
	at org.junit.internal.runners.JUnit38ClassRunner.run(JUnit38ClassRunner.java:84)
	at org.junit.runners.Suite.runChild(Suite.java:127)
	at org.junit.runners.Suite.runChild(Suite.java:26)
	at org.junit.runners.ParentRunner$3.run(ParentRunner.java:238)
	at org.junit.runners.ParentRunner$1.schedule(ParentRunner.java:63)
	at org.junit.runners.ParentRunner.runChildren(ParentRunner.java:236)
	at org.junit.runners.ParentRunner.access$000(ParentRunner.java:53)
	at org.junit.runners.ParentRunner$2.evaluate(ParentRunner.java:229)
	at org.junit.runners.ParentRunner.run(ParentRunner.java:309)
	at org.junit.runner.JUnitCore.run(JUnitCore.java:160)
	at org.junit.runner.JUnitCore.run(JUnitCore.java:138)
	at org.junit.runner.JUnitCore.run(JUnitCore.java:117)
	at org.junit.runner.JUnitCore.runMain(JUnitCore.java:96)
	at org.junit.runner.JUnitCore.runMainAndExit(JUnitCore.java:47)
	at org.junit.runner.JUnitCore.main(JUnitCore.java:40)

FAILURES!!!
Tests run: 1,  Failures: 1

Testing Chomp:
JUnit version 4.11
.expected:<4******[  ]> but was:<4******[]>
E
Time: 4.522
There was 1 failure:
1) test(ChompJUnitTest)
junit.framework.ComparisonFailure: expected:<4******[  ]> but was:<4******[]>
	at junit.framework.Assert.assertEquals(Assert.java:100)
	at junit.framework.Assert.assertEquals(Assert.java:107)
	at junit.framework.TestCase.assertEquals(TestCase.java:269)
	at ChompJUnitTest$1.run(ChompJUnitTest.java:92)
	at java.lang.Thread.run(Thread.java:748)

FAILURES!!!
Tests run: 1,  Failures: 1

Testing DiceHistogram:
JUnit version 4.11
.
Time: 1.016

OK (1 test)

Testing completed. Thu Apr  8 14:56:13 EDT 2021
