Testing initiated. Sun Apr 11 19:33:13 EDT 2021
Averager.java submitted.
BigFibonacci.java submitted.
StringRepeater.java submitted.
Compilation of all java files succeeded.
Testing Averager:
JUnit version 4.11
.Adding -0.12919595099332115 and computing average...
Adding 0.03287007371662343 and computing average...
Adding 0.3402946056566729 and computing average...
Adding 0.3356228443860715 and computing average...
Adding 0.24475411141923653 and computing average...
Adding 0.1779653244145808 and computing average...
Adding -0.19549825442412194 and computing average...
Adding 0.08830122755731384 and computing average...
Adding 0.05237331317327931 and computing average...
Adding 0.09233377687681477 and computing average...

Time: 0.017

OK (1 test)

Testing BigFibonacci:
JUnit version 4.11
.Calling BigFibonacci.fib(0)...
E
Time: 0.017
There was 1 failure:
1) test(BigFibonacciJUnitTest)
java.lang.AssertionError: expected:<1> but was:<0>
	at org.junit.Assert.fail(Assert.java:88)
	at org.junit.Assert.failNotEquals(Assert.java:743)
	at org.junit.Assert.assertEquals(Assert.java:118)
	at org.junit.Assert.assertEquals(Assert.java:144)
	at BigFibonacciJUnitTest.trial(BigFibonacciJUnitTest.java:34)
	at BigFibonacciJUnitTest.test(BigFibonacciJUnitTest.java:25)
	at sun.reflect.NativeMethodAccessorImpl.invoke0(Native Method)
	at sun.reflect.NativeMethodAccessorImpl.invoke(NativeMethodAccessorImpl.java:62)
	at sun.reflect.DelegatingMethodAccessorImpl.invoke(DelegatingMethodAccessorImpl.java:43)
	at java.lang.reflect.Method.invoke(Method.java:498)
	at org.junit.runners.model.FrameworkMethod$1.runReflectiveCall(FrameworkMethod.java:47)
	at org.junit.internal.runners.model.ReflectiveCallable.run(ReflectiveCallable.java:12)
	at org.junit.runners.model.FrameworkMethod.invokeExplosively(FrameworkMethod.java:44)
	at org.junit.internal.runners.statements.InvokeMethod.evaluate(InvokeMethod.java:17)
	at org.junit.runners.ParentRunner.runLeaf(ParentRunner.java:271)
	at org.junit.runners.BlockJUnit4ClassRunner.runChild(BlockJUnit4ClassRunner.java:70)
	at org.junit.runners.BlockJUnit4ClassRunner.runChild(BlockJUnit4ClassRunner.java:50)
	at org.junit.runners.ParentRunner$3.run(ParentRunner.java:238)
	at org.junit.runners.ParentRunner$1.schedule(ParentRunner.java:63)
	at org.junit.runners.ParentRunner.runChildren(ParentRunner.java:236)
	at org.junit.runners.ParentRunner.access$000(ParentRunner.java:53)
	at org.junit.runners.ParentRunner$2.evaluate(ParentRunner.java:229)
	at org.junit.runners.ParentRunner.run(ParentRunner.java:309)
	at org.junit.runners.Suite.runChild(Suite.java:127)
	at org.junit.runners.Suite.runChild(Suite.java:26)
	at org.junit.runners.ParentRunner$3.run(ParentRunner.java:238)
	at org.junit.runners.ParentRunner$1.schedule(ParentRunner.java:63)
	at org.junit.runners.ParentRunner.runChildren(ParentRunner.java:236)
	at org.junit.runners.ParentRunner.access$000(ParentRunner.java:53)
	at org.junit.runners.ParentRunner$2.evaluate(ParentRunner.java:229)
	at org.junit.runners.ParentRunner.run(ParentRunner.java:309)
	at org.junit.runner.JUnitCore.run(JUnitCore.java:160)
	at org.junit.runner.JUnitCore.run(JUnitCore.java:138)
	at org.junit.runner.JUnitCore.run(JUnitCore.java:117)
	at org.junit.runner.JUnitCore.runMain(JUnitCore.java:96)
	at org.junit.runner.JUnitCore.runMainAndExit(JUnitCore.java:47)
	at org.junit.runner.JUnitCore.main(JUnitCore.java:40)

FAILURES!!!
Tests run: 1,  Failures: 1

Testing StringRepeater:
JUnit version 4.11
.Calling StringRepeater.repString("howdy", 3)...
Calling StringRepeater.repString("*", 60)...
Calling StringRepeater.repString("long", 1000)...

Time: 0.015

OK (1 test)

Testing completed. Sun Apr 11 19:33:15 EDT 2021
